# JRE version: OpenJDK Runtime Environment (8.0_202-b03) (build 1.8.0_202-release-1483-b03)
# Java VM: OpenJDK 64-Bit Server VM (25.202-b03 mixed mode windows-amd64 compressed oops)
Heap:
 PSYoungGen      total 139264K, used 29535K [0x00000000e0000000, 0x00000000eb100000, 0x0000000100000000)
  eden space 135680K, 21% used [0x00000000e0000000,0x00000000e1cd7fc0,0x00000000e8480000)
  from space 3584K, 0% used [0x00000000ead80000,0x00000000ead80000,0x00000000eb100000)
  to   space 11776K, 0% used [0x00000000e9a00000,0x00000000e9a00000,0x00000000ea580000)
 ParOldGen       total 55296K, used 19960K [0x00000000a0000000, 0x00000000a3600000, 0x00000000e0000000)
  object space 55296K, 36% used [0x00000000a0000000,0x00000000a137e170,0x00000000a3600000)
 Metaspace       used 42906K, capacity 44176K, committed 44544K, reserved 1099776K
  class space    used 5822K, capacity 6087K, committed 6144K, reserved 1048576K
GC Heap History (10 events):
Event: 11.244 GC heap before
{Heap before GC invocations=12 (full 2):
 PSYoungGen      total 140288K, used 6264K [0x00000000e0000000, 0x00000000eb980000, 0x0000000100000000)
  eden space 128000K, 0% used [0x00000000e0000000,0x00000000e0000000,0x00000000e7d00000)
  from space 12288K, 50% used [0x00000000e8880000,0x00000000e8e9e328,0x00000000e9480000)
  to   space 11776K, 0% used [0x00000000e7d00000,0x00000000e7d00000,0x00000000e8880000)
 ParOldGen       total 38912K, used 16540K [0x00000000a0000000, 0x00000000a2600000, 0x00000000e0000000)
  object space 38912K, 42% used [0x00000000a0000000,0x00000000a1027228,0x00000000a2600000)
 Metaspace       used 34502K, capacity 35422K, committed 35456K, reserved 1079296K
  class space    used 4762K, capacity 4959K, committed 4992K, reserved 1048576K
Event: 11.348 GC heap after
Heap after GC invocations=12 (full 2):
 PSYoungGen      total 140288K, used 0K [0x00000000e0000000, 0x00000000eb980000, 0x0000000100000000)
  eden space 128000K, 0% used [0x00000000e0000000,0x00000000e0000000,0x00000000e7d00000)
  from space 12288K, 0% used [0x00000000e8880000,0x00000000e8880000,0x00000000e9480000)
  to   space 11776K, 0% used [0x00000000e7d00000,0x00000000e7d00000,0x00000000e8880000)
 ParOldGen       total 55296K, used 16450K [0x00000000a0000000, 0x00000000a3600000, 0x00000000e0000000)
  object space 55296K, 29% used [0x00000000a0000000,0x00000000a1010990,0x00000000a3600000)
 Metaspace       used 34502K, capacity 35422K, committed 35456K, reserved 1079296K
  class space    used 4762K, capacity 4959K, committed 4992K, reserved 1048576K
}
Event: 11.853 GC heap before
{Heap before GC invocations=13 (full 2):
 PSYoungGen      total 140288K, used 27756K [0x00000000e0000000, 0x00000000eb980000, 0x0000000100000000)
  eden space 128000K, 21% used [0x00000000e0000000,0x00000000e1b1b228,0x00000000e7d00000)
  from space 12288K, 0% used [0x00000000e8880000,0x00000000e8880000,0x00000000e9480000)
  to   space 11776K, 0% used [0x00000000e7d00000,0x00000000e7d00000,0x00000000e8880000)
 ParOldGen       total 55296K, used 16450K [0x00000000a0000000, 0x00000000a3600000, 0x00000000e0000000)
  object space 55296K, 29% used [0x00000000a0000000,0x00000000a1010990,0x00000000a3600000)
 Metaspace       used 35987K, capacity 37134K, committed 37248K, reserved 1085440K
  class space    used 4958K, capacity 5193K, committed 5248K, reserved 1048576K
Event: 11.859 GC heap after
Heap after GC invocations=13 (full 2):
 PSYoungGen      total 139776K, used 3147K [0x00000000e0000000, 0x00000000eb900000, 0x0000000100000000)
  eden space 128000K, 0% used [0x00000000e0000000,0x00000000e0000000,0x00000000e7d00000)
  from space 11776K, 26% used [0x00000000e7d00000,0x00000000e8012f70,0x00000000e8880000)
  to   space 11776K, 0% used [0x00000000ead80000,0x00000000ead80000,0x00000000eb900000)
 ParOldGen       total 55296K, used 16458K [0x00000000a0000000, 0x00000000a3600000, 0x00000000e0000000)
  object space 55296K, 29% used [0x00000000a0000000,0x00000000a1012990,0x00000000a3600000)
 Metaspace       used 35987K, capacity 37134K, committed 37248K, reserved 1085440K
  class space    used 4958K, capacity 5193K, committed 5248K, reserved 1048576K
}
Event: 11.859 GC heap before
{Heap before GC invocations=14 (full 3):
 PSYoungGen      total 139776K, used 3147K [0x00000000e0000000, 0x00000000eb900000, 0x0000000100000000)
  eden space 128000K, 0% used [0x00000000e0000000,0x00000000e0000000,0x00000000e7d00000)
  from space 11776K, 26% used [0x00000000e7d00000,0x00000000e8012f70,0x00000000e8880000)
  to   space 11776K, 0% used [0x00000000ead80000,0x00000000ead80000,0x00000000eb900000)
 ParOldGen       total 55296K, used 16458K [0x00000000a0000000, 0x00000000a3600000, 0x00000000e0000000)
  object space 55296K, 29% used [0x00000000a0000000,0x00000000a1012990,0x00000000a3600000)
 Metaspace       used 35987K, capacity 37134K, committed 37248K, reserved 1085440K
  class space    used 4958K, capacity 5193K, committed 5248K, reserved 1048576K
Event: 12.152 GC heap after
Heap after GC invocations=14 (full 3):
 PSYoungGen      total 139776K, used 0K [0x00000000e0000000, 0x00000000eb900000, 0x0000000100000000)
  eden space 128000K, 0% used [0x00000000e0000000,0x00000000e0000000,0x00000000e7d00000)
  from space 11776K, 0% used [0x00000000e7d00000,0x00000000e7d00000,0x00000000e8880000)
  to   space 11776K, 0% used [0x00000000ead80000,0x00000000ead80000,0x00000000eb900000)
 ParOldGen       total 55296K, used 18161K [0x00000000a0000000, 0x00000000a3600000, 0x00000000e0000000)
  object space 55296K, 32% used [0x00000000a0000000,0x00000000a11bc4c0,0x00000000a3600000)
 Metaspace       used 35971K, capacity 37080K, committed 37248K, reserved 1083392K
  class space    used 4953K, capacity 5184K, committed 5248K, reserved 1048576K
}
Event: 12.665 GC heap before
{Heap before GC invocations=15 (full 3):
 PSYoungGen      total 139776K, used 23446K [0x00000000e0000000, 0x00000000eb900000, 0x0000000100000000)
  eden space 128000K, 18% used [0x00000000e0000000,0x00000000e16e5aa8,0x00000000e7d00000)
  from space 11776K, 0% used [0x00000000e7d00000,0x00000000e7d00000,0x00000000e8880000)
  to   space 11776K, 0% used [0x00000000ead80000,0x00000000ead80000,0x00000000eb900000)
 ParOldGen       total 55296K, used 18161K [0x00000000a0000000, 0x00000000a3600000, 0x00000000e0000000)
  object space 55296K, 32% used [0x00000000a0000000,0x00000000a11bc4c0,0x00000000a3600000)
 Metaspace       used 39652K, capacity 40880K, committed 41088K, reserved 1091584K
  class space    used 5427K, capacity 5707K, committed 5760K, reserved 1048576K
Event: 12.670 GC heap after
Heap after GC invocations=15 (full 3):
 PSYoungGen      total 139264K, used 3264K [0x00000000e0000000, 0x00000000eb100000, 0x0000000100000000)
  eden space 135680K, 0% used [0x00000000e0000000,0x00000000e0000000,0x00000000e8480000)
  from space 3584K, 91% used [0x00000000ead80000,0x00000000eb0b0150,0x00000000eb100000)
  to   space 11776K, 0% used [0x00000000e9a00000,0x00000000e9a00000,0x00000000ea580000)
 ParOldGen       total 55296K, used 18169K [0x00000000a0000000, 0x00000000a3600000, 0x00000000e0000000)
  object space 55296K, 32% used [0x00000000a0000000,0x00000000a11be4c0,0x00000000a3600000)
 Metaspace       used 39652K, capacity 40880K, committed 41088K, reserved 1091584K
  class space    used 5427K, capacity 5707K, committed 5760K, reserved 1048576K
}
Event: 12.670 GC heap before
{Heap before GC invocations=16 (full 4):
 PSYoungGen      total 139264K, used 3264K [0x00000000e0000000, 0x00000000eb100000, 0x0000000100000000)
  eden space 135680K, 0% used [0x00000000e0000000,0x00000000e0000000,0x00000000e8480000)
  from space 3584K, 91% used [0x00000000ead80000,0x00000000eb0b0150,0x00000000eb100000)
  to   space 11776K, 0% used [0x00000000e9a00000,0x00000000e9a00000,0x00000000ea580000)
 ParOldGen       total 55296K, used 18169K [0x00000000a0000000, 0x00000000a3600000, 0x00000000e0000000)
  object space 55296K, 32% used [0x00000000a0000000,0x00000000a11be4c0,0x00000000a3600000)
 Metaspace       used 39652K, capacity 40880K, committed 41088K, reserved 1091584K
  class space    used 5427K, capacity 5707K, committed 5760K, reserved 1048576K
Event: 12.736 GC heap after
Heap after GC invocations=16 (full 4):
 PSYoungGen      total 139264K, used 0K [0x00000000e0000000, 0x00000000eb100000, 0x0000000100000000)
  eden space 135680K, 0% used [0x00000000e0000000,0x00000000e0000000,0x00000000e8480000)
  from space 3584K, 0% used [0x00000000ead80000,0x00000000ead80000,0x00000000eb100000)
  to   space 11776K, 0% used [0x00000000e9a00000,0x00000000e9a00000,0x00000000ea580000)
 ParOldGen       total 55296K, used 19960K [0x00000000a0000000, 0x00000000a3600000, 0x00000000e0000000)
  object space 55296K, 36% used [0x00000000a0000000,0x00000000a137e170,0x00000000a3600000)
 Metaspace       used 39652K, capacity 40880K, committed 41088K, reserved 1089536K
  class space    used 5427K, capacity 5707K, committed 5760K, reserved 1048576K
}

