# JRE version: OpenJDK Runtime Environment (8.0_202-b03) (build 1.8.0_202-release-1483-b03)
# Java VM: OpenJDK 64-Bit Server VM (25.202-b03 mixed mode windows-amd64 compressed oops)
Heap:
 PSYoungGen      total 131072K, used 99948K [0x00000000e0000000, 0x00000000e8c80000, 0x0000000100000000)
  eden space 119296K, 83% used [0x00000000e0000000,0x00000000e619b1e8,0x00000000e7480000)
  from space 11776K, 0% used [0x00000000e8100000,0x00000000e8100000,0x00000000e8c80000)
  to   space 10240K, 0% used [0x00000000e7700000,0x00000000e7700000,0x00000000e8100000)
 ParOldGen       total 57856K, used 16722K [0x00000000a0000000, 0x00000000a3880000, 0x00000000e0000000)
  object space 57856K, 28% used [0x00000000a0000000,0x00000000a10548c8,0x00000000a3880000)
 Metaspace       used 45818K, capacity 47174K, committed 47360K, reserved 1089536K
  class space    used 6112K, capacity 6394K, committed 6400K, reserved 1048576K
GC Heap History (10 events):
Event: 5.789 GC heap before
{Heap before GC invocations=8 (full 1):
 PSYoungGen      total 69632K, used 7152K [0x00000000e0000000, 0x00000000e8d00000, 0x0000000100000000)
  eden space 62464K, 0% used [0x00000000e0000000,0x00000000e0000000,0x00000000e3d00000)
  from space 7168K, 99% used [0x00000000e3d00000,0x00000000e43fc378,0x00000000e4400000)
  to   space 9728K, 0% used [0x00000000e8380000,0x00000000e8380000,0x00000000e8d00000)
 ParOldGen       total 42496K, used 10041K [0x00000000a0000000, 0x00000000a2980000, 0x00000000e0000000)
  object space 42496K, 23% used [0x00000000a0000000,0x00000000a09ce650,0x00000000a2980000)
 Metaspace       used 20634K, capacity 21124K, committed 21296K, reserved 1067008K
  class space    used 2955K, capacity 3129K, committed 3200K, reserved 1048576K
Event: 5.868 GC heap after
Heap after GC invocations=8 (full 1):
 PSYoungGen      total 69632K, used 0K [0x00000000e0000000, 0x00000000e8d00000, 0x0000000100000000)
  eden space 62464K, 0% used [0x00000000e0000000,0x00000000e0000000,0x00000000e3d00000)
  from space 7168K, 0% used [0x00000000e3d00000,0x00000000e3d00000,0x00000000e4400000)
  to   space 9728K, 0% used [0x00000000e8380000,0x00000000e8380000,0x00000000e8d00000)
 ParOldGen       total 39936K, used 11851K [0x00000000a0000000, 0x00000000a2700000, 0x00000000e0000000)
  object space 39936K, 29% used [0x00000000a0000000,0x00000000a0b92dc0,0x00000000a2700000)
 Metaspace       used 20634K, capacity 21124K, committed 21296K, reserved 1067008K
  class space    used 2955K, capacity 3129K, committed 3200K, reserved 1048576K
}
Event: 7.069 GC heap before
{Heap before GC invocations=9 (full 1):
 PSYoungGen      total 69632K, used 62464K [0x00000000e0000000, 0x00000000e8d00000, 0x0000000100000000)
  eden space 62464K, 100% used [0x00000000e0000000,0x00000000e3d00000,0x00000000e3d00000)
  from space 7168K, 0% used [0x00000000e3d00000,0x00000000e3d00000,0x00000000e4400000)
  to   space 9728K, 0% used [0x00000000e8380000,0x00000000e8380000,0x00000000e8d00000)
 ParOldGen       total 39936K, used 11851K [0x00000000a0000000, 0x00000000a2700000, 0x00000000e0000000)
  object space 39936K, 29% used [0x00000000a0000000,0x00000000a0b92dc0,0x00000000a2700000)
 Metaspace       used 27985K, capacity 28640K, committed 28928K, reserved 1075200K
  class space    used 3843K, capacity 4033K, committed 4096K, reserved 1048576K
Event: 7.082 GC heap after
Heap after GC invocations=9 (full 1):
 PSYoungGen      total 100352K, used 7228K [0x00000000e0000000, 0x00000000e8b00000, 0x0000000100000000)
  eden space 92672K, 0% used [0x00000000e0000000,0x00000000e0000000,0x00000000e5a80000)
  from space 7680K, 94% used [0x00000000e8380000,0x00000000e8a8f2c8,0x00000000e8b00000)
  to   space 10240K, 0% used [0x00000000e7700000,0x00000000e7700000,0x00000000e8100000)
 ParOldGen       total 39936K, used 11859K [0x00000000a0000000, 0x00000000a2700000, 0x00000000e0000000)
  object space 39936K, 29% used [0x00000000a0000000,0x00000000a0b94dc0,0x00000000a2700000)
 Metaspace       used 27985K, capacity 28640K, committed 28928K, reserved 1075200K
  class space    used 3843K, capacity 4033K, committed 4096K, reserved 1048576K
}
Event: 10.821 GC heap before
{Heap before GC invocations=10 (full 1):
 PSYoungGen      total 100352K, used 99900K [0x00000000e0000000, 0x00000000e8b00000, 0x0000000100000000)
  eden space 92672K, 100% used [0x00000000e0000000,0x00000000e5a80000,0x00000000e5a80000)
  from space 7680K, 94% used [0x00000000e8380000,0x00000000e8a8f2c8,0x00000000e8b00000)
  to   space 10240K, 0% used [0x00000000e7700000,0x00000000e7700000,0x00000000e8100000)
 ParOldGen       total 39936K, used 11859K [0x00000000a0000000, 0x00000000a2700000, 0x00000000e0000000)
  object space 39936K, 29% used [0x00000000a0000000,0x00000000a0b94dc0,0x00000000a2700000)
 Metaspace       used 33512K, capacity 34382K, committed 34560K, reserved 1079296K
  class space    used 4639K, capacity 4853K, committed 4864K, reserved 1048576K
Event: 10.867 GC heap after
Heap after GC invocations=10 (full 1):
 PSYoungGen      total 129536K, used 10227K [0x00000000e0000000, 0x00000000e8c80000, 0x0000000100000000)
  eden space 119296K, 0% used [0x00000000e0000000,0x00000000e0000000,0x00000000e7480000)
  from space 10240K, 99% used [0x00000000e7700000,0x00000000e80fcda8,0x00000000e8100000)
  to   space 11776K, 0% used [0x00000000e8100000,0x00000000e8100000,0x00000000e8c80000)
 ParOldGen       total 39936K, used 13472K [0x00000000a0000000, 0x00000000a2700000, 0x00000000e0000000)
  object space 39936K, 33% used [0x00000000a0000000,0x00000000a0d28010,0x00000000a2700000)
 Metaspace       used 33512K, capacity 34382K, committed 34560K, reserved 1079296K
  class space    used 4639K, capacity 4853K, committed 4864K, reserved 1048576K
}
Event: 11.490 GC heap before
{Heap before GC invocations=11 (full 1):
 PSYoungGen      total 129536K, used 29604K [0x00000000e0000000, 0x00000000e8c80000, 0x0000000100000000)
  eden space 119296K, 16% used [0x00000000e0000000,0x00000000e12ec4a8,0x00000000e7480000)
  from space 10240K, 99% used [0x00000000e7700000,0x00000000e80fcda8,0x00000000e8100000)
  to   space 11776K, 0% used [0x00000000e8100000,0x00000000e8100000,0x00000000e8c80000)
 ParOldGen       total 39936K, used 13472K [0x00000000a0000000, 0x00000000a2700000, 0x00000000e0000000)
  object space 39936K, 33% used [0x00000000a0000000,0x00000000a0d28010,0x00000000a2700000)
 Metaspace       used 34504K, capacity 35422K, committed 35456K, reserved 1079296K
  class space    used 4759K, capacity 4959K, committed 4992K, reserved 1048576K
Event: 11.505 GC heap after
Heap after GC invocations=11 (full 1):
 PSYoungGen      total 131072K, used 9410K [0x00000000e0000000, 0x00000000e8c80000, 0x0000000100000000)
  eden space 119296K, 0% used [0x00000000e0000000,0x00000000e0000000,0x00000000e7480000)
  from space 11776K, 79% used [0x00000000e8100000,0x00000000e8a309e8,0x00000000e8c80000)
  to   space 10240K, 0% used [0x00000000e7700000,0x00000000e7700000,0x00000000e8100000)
 ParOldGen       total 39936K, used 13480K [0x00000000a0000000, 0x00000000a2700000, 0x00000000e0000000)
  object space 39936K, 33% used [0x00000000a0000000,0x00000000a0d2a010,0x00000000a2700000)
 Metaspace       used 34504K, capacity 35422K, committed 35456K, reserved 1079296K
  class space    used 4759K, capacity 4959K, committed 4992K, reserved 1048576K
}
Event: 11.505 GC heap before
{Heap before GC invocations=12 (full 2):
 PSYoungGen      total 131072K, used 9410K [0x00000000e0000000, 0x00000000e8c80000, 0x0000000100000000)
  eden space 119296K, 0% used [0x00000000e0000000,0x00000000e0000000,0x00000000e7480000)
  from space 11776K, 79% used [0x00000000e8100000,0x00000000e8a309e8,0x00000000e8c80000)
  to   space 10240K, 0% used [0x00000000e7700000,0x00000000e7700000,0x00000000e8100000)
 ParOldGen       total 39936K, used 13480K [0x00000000a0000000, 0x00000000a2700000, 0x00000000e0000000)
  object space 39936K, 33% used [0x00000000a0000000,0x00000000a0d2a010,0x00000000a2700000)
 Metaspace       used 34504K, capacity 35422K, committed 35456K, reserved 1079296K
  class space    used 4759K, capacity 4959K, committed 4992K, reserved 1048576K
Event: 11.628 GC heap after
Heap after GC invocations=12 (full 2):
 PSYoungGen      total 131072K, used 0K [0x00000000e0000000, 0x00000000e8c80000, 0x0000000100000000)
  eden space 119296K, 0% used [0x00000000e0000000,0x00000000e0000000,0x00000000e7480000)
  from space 11776K, 0% used [0x00000000e8100000,0x00000000e8100000,0x00000000e8c80000)
  to   space 10240K, 0% used [0x00000000e7700000,0x00000000e7700000,0x00000000e8100000)
 ParOldGen       total 57856K, used 16722K [0x00000000a0000000, 0x00000000a3880000, 0x00000000e0000000)
  object space 57856K, 28% used [0x00000000a0000000,0x00000000a10548c8,0x00000000a3880000)
 Metaspace       used 34504K, capacity 35422K, committed 35456K, reserved 1079296K
  class space    used 4759K, capacity 4959K, committed 4992K, reserved 1048576K
}

